#
# A fatal error has been detected by the Java Runtime Environment:
#
#  EXCEPTION_ACCESS_VIOLATION (0xc0000005) at pc=0x00007ffc1e9f4773, pid=29692, tid=10804
#
# JRE version: OpenJDK Runtime Environment Corretto-17.0.8.8.1 (17.0.8.1+8) (build 17.0.8.1+8-LTS)
# Java VM: OpenJDK 64-Bit Server VM Corretto-17.0.8.8.1 (17.0.8.1+8-LTS, mixed mode, sharing, tiered, compressed oops, compressed class ptrs, g1 gc, windows-amd64)
# Problematic frame:
# V  [jvm.dll+0x374773]
#
# No core dump will be written. Minidumps are not enabled by default on client versions of Windows
#
# If you would like to submit a bug report, please visit:
#   https://github.com/corretto/corretto-17/issues/
#

---------------  S U M M A R Y ------------

Command Line: -ea -Didea.test.cyclic.buffer.size=1048576 -javaagent:D:\application\IntelliJ IDEA 2023.2.1\lib\idea_rt.jar=8276:D:\application\IntelliJ IDEA 2023.2.1\bin -Dfile.encoding=UTF-8 com.intellij.rt.junit.JUnitStarter -ideVersion5 -junit5 SeleniumTest,loop

Host: Intel(R) Core(TM) i7-7700 CPU @ 3.60GHz, 8 cores, 15G,  Windows 11 , 64 bit Build 22000 (10.0.22000.2538)
Time: Wed May 29 20:01:49 2024  Windows 11 , 64 bit Build 22000 (10.0.22000.2538) elapsed time: 36093.273489 seconds (0d 10h 1m 33s)

---------------  T H R E A D  ---------------

Current thread (0x000002105699fd30):  JavaThread "HttpClient-78-SelectorManager" daemon [_thread_in_vm, id=10804, stack(0x000000d330c00000,0x000000d330d00000)]

Stack: [0x000000d330c00000,0x000000d330d00000],  sp=0x000000d330cff9f0,  free space=1022k
Native frames: (J=compiled Java code, j=interpreted, Vv=VM code, C=native code)
V  [jvm.dll+0x374773]
V  [jvm.dll+0x64c902]
V  [jvm.dll+0x3753ab]
V  [jvm.dll+0x375637]
V  [jvm.dll+0x3f4ca1]
V  [jvm.dll+0x7b94bb]
V  [jvm.dll+0x7b392a]
